Removed Pin From Net: NetName=R_6 Pin=STM2-5
Removed Pin From Net: NetName=S_RES Pin=STM2-8
Removed Pin From Net: NetName=S_SLEEP Pin=STM2-9
Removed Pin From Net: NetName=MS1 Pin=STM2-11
Removed Pin From Net: NetName=MS2 Pin=STM2-12
Removed Pin From Net: NetName=MS3 Pin=STM2-13
Removed Pin From Net: NetName=S_PUL Pin=STM2-25
Removed Pin From Net: NetName=S_DIR Pin=STM2-26
Removed Pin From Net: NetName=S_EN Pin=STM2-27
Removed Pin From Net: NetName=R_1 Pin=STM2-28
Removed Pin From Net: NetName=R_2 Pin=STM2-29
Removed Pin From Net: NetName=R_3 Pin=STM2-30
Removed Pin From Net: NetName=R_4 Pin=STM2-31
Removed Pin From Net: NetName=R_5 Pin=STM2-32
Added Pin To Net: NetName=R_1 Pin=STM2-1
Added Pin To Net: NetName=R_2 Pin=STM2-2
Added Pin To Net: NetName=R_3 Pin=STM2-3
Added Pin To Net: NetName=R_4 Pin=STM2-4
Added Pin To Net: NetName=R_5 Pin=STM2-5
Added Pin To Net: NetName=R_6 Pin=STM2-8
Added Pin To Net: NetName=S_DIR Pin=STM2-25
Added Pin To Net: NetName=S_PUL Pin=STM2-26
Added Pin To Net: NetName=S_SLEEP Pin=STM2-27
Added Pin To Net: NetName=S_RES Pin=STM2-28
Added Pin To Net: NetName=MS3 Pin=STM2-29
Added Pin To Net: NetName=MS2 Pin=STM2-30
Added Pin To Net: NetName=MS1 Pin=STM2-31
Added Pin To Net: NetName=S_EN Pin=STM2-32
